2022-02-19 01:55:46 INFO  Main:36 - saved data reading
2022-02-19 01:55:46 INFO  Main:41 - application start
2022-02-19 01:55:47 INFO  Controller:74 - Main controller initializing
2022-02-19 01:55:50 INFO  NewEditController:91 - new/edit window initializing
2022-02-19 01:56:02 INFO  TaskInfoController:25 - task info window initializing
2022-02-19 01:56:02 ERROR Controller:127 - error loading task-info.fxml
2022-02-19 01:57:13 INFO  Main:36 - saved data reading
2022-02-19 01:57:13 INFO  Main:41 - application start
2022-02-19 01:57:13 INFO  Controller:74 - Main controller initializing
2022-02-19 01:57:18 INFO  TaskInfoController:25 - task info window initializing
2022-02-19 01:57:18 ERROR Controller:127 - error loading task-info.fxml
2022-02-19 01:57:20 INFO  TaskInfoController:25 - task info window initializing
2022-02-19 01:57:20 ERROR Controller:127 - error loading task-info.fxml
2022-02-19 01:57:22 INFO  TaskInfoController:25 - task info window initializing
2022-02-19 01:57:22 ERROR Controller:127 - error loading task-info.fxml
2022-02-19 01:57:36 INFO  NewEditController:91 - new/edit window initializing
2022-02-19 01:57:42 INFO  TaskInfoController:25 - task info window initializing
2022-02-19 01:57:42 ERROR Controller:127 - error loading task-info.fxml
2022-02-19 01:58:03 INFO  NewEditController:91 - new/edit window initializing
2022-02-19 01:58:11 INFO  TaskInfoController:25 - task info window initializing
2022-02-19 01:58:18 INFO  NewEditController:91 - new/edit window initializing
2022-02-19 01:58:58 INFO  TaskInfoController:25 - task info window initializing
2022-02-19 01:59:08 INFO  NewEditController:91 - new/edit window initializing
2022-02-19 02:02:19 INFO  Main:36 - saved data reading
2022-02-19 02:02:19 INFO  Main:41 - application start
2022-02-19 02:02:20 INFO  Controller:74 - Main controller initializing
2022-02-19 02:03:15 INFO  Main:36 - saved data reading
2022-02-19 02:03:15 INFO  Main:41 - application start
2022-02-19 02:03:16 INFO  Controller:74 - Main controller initializing
2022-02-19 02:03:29 INFO  NewEditController:91 - new/edit window initializing
2022-02-19 02:04:05 INFO  NewEditController:91 - new/edit window initializing
2022-02-19 02:04:19 INFO  NewEditController:91 - new/edit window initializing
2022-02-19 02:04:22 INFO  NewEditController:91 - new/edit window initializing
2022-02-19 02:04:24 INFO  NewEditController:91 - new/edit window initializing
2022-02-19 02:04:31 INFO  NewEditController:91 - new/edit window initializing
2022-02-19 02:04:34 INFO  NewEditController:91 - new/edit window initializing
2022-02-19 02:04:44 INFO  NewEditController:91 - new/edit window initializing
2022-02-19 02:04:46 INFO  NewEditController:91 - new/edit window initializing
2022-02-19 02:05:02 INFO  NewEditController:91 - new/edit window initializing
2022-02-19 02:05:24 INFO  Main:36 - saved data reading
2022-02-19 02:05:24 INFO  Main:41 - application start
2022-02-19 02:05:24 INFO  Controller:74 - Main controller initializing
2022-02-19 02:05:44 INFO  NewEditController:91 - new/edit window initializing
2022-02-19 02:05:57 INFO  NewEditController:91 - new/edit window initializing
2022-02-19 02:06:08 INFO  NewEditController:91 - new/edit window initializing
2022-02-19 02:06:29 INFO  NewEditController:91 - new/edit window initializing
2022-02-19 02:10:58 INFO  Main:36 - saved data reading
2022-02-19 02:10:58 INFO  Main:41 - application start
2022-02-19 02:10:59 INFO  Controller:74 - Main controller initializing
2022-02-19 02:11:12 INFO  NewEditController:91 - new/edit window initializing
2022-02-19 02:38:05 INFO  Main:36 - saved data reading
2022-02-19 02:38:05 INFO  Main:41 - application start
2022-02-19 02:38:06 INFO  Controller:74 - Main controller initializing
2022-02-19 14:20:20 INFO  Main:36 - saved data reading
2022-02-19 14:20:20 INFO  Main:41 - application start
2022-02-19 14:20:20 INFO  Controller:74 - Main controller initializing
2022-03-01 19:33:09 INFO  Main:36 - saved data reading
2022-03-01 19:33:09 INFO  Main:41 - application start
2022-03-01 19:33:10 INFO  Controller:74 - Main controller initializing
2022-03-01 19:33:14 INFO  NewEditController:91 - new/edit window initializing
2022-03-01 19:33:22 INFO  TaskInfoController:25 - task info window initializing
2022-03-01 19:33:22 ERROR Controller:127 - error loading task-info.fxml
2022-03-01 19:33:26 INFO  TaskInfoController:25 - task info window initializing
2022-03-01 19:33:39 INFO  NewEditController:91 - new/edit window initializing
2022-03-15 15:06:02 INFO  Main:36 - saved data reading
2022-03-15 15:06:02 INFO  Main:41 - application start
2022-03-15 15:06:02 INFO  Controller:74 - Main controller initializing
2022-03-15 15:06:08 INFO  TaskInfoController:25 - task info window initializing
2022-03-15 15:06:08 ERROR Controller:127 - error loading task-info.fxml
2022-03-15 15:06:13 INFO  TaskInfoController:25 - task info window initializing
2022-03-15 15:06:13 ERROR Controller:127 - error loading task-info.fxml
2022-03-15 15:06:26 INFO  TaskInfoController:25 - task info window initializing
2022-03-15 15:06:33 INFO  TaskInfoController:25 - task info window initializing
2022-03-15 15:06:46 INFO  NewEditController:91 - new/edit window initializing
2022-03-15 15:06:58 INFO  NewEditController:91 - new/edit window initializing
2022-03-15 15:07:00 INFO  NewEditController:91 - new/edit window initializing
2022-03-15 15:07:04 INFO  NewEditController:91 - new/edit window initializing
2022-03-15 15:07:08 INFO  NewEditController:91 - new/edit window initializing
2022-03-15 15:07:10 INFO  NewEditController:91 - new/edit window initializing
2022-03-15 15:07:23 INFO  NewEditController:91 - new/edit window initializing
2022-03-15 15:13:23 INFO  Main:36 - saved data reading
2022-03-15 15:13:23 INFO  Main:41 - application start
2022-03-15 15:13:24 INFO  Controller:77 - Main controller initializing
2022-03-15 15:13:26 INFO  TaskInfoController:25 - task info window initializing
2022-03-15 15:13:26 ERROR Controller:130 - error loading task-info.fxml
2022-03-15 15:13:29 INFO  TaskInfoController:25 - task info window initializing
2022-03-15 15:15:33 INFO  Main:36 - saved data reading
2022-03-15 15:15:33 INFO  Main:41 - application start
2022-03-15 15:15:33 INFO  Controller:77 - Main controller initializing
2022-03-15 15:21:46 INFO  Main:36 - saved data reading
2022-03-15 15:21:46 INFO  Main:41 - application start
2022-03-15 15:21:47 INFO  Controller:87 - Main controller initializing
2022-03-15 15:22:06 INFO  NewEditController:91 - new/edit window initializing
2022-03-15 15:22:10 INFO  NewEditController:91 - new/edit window initializing
2022-03-15 15:24:32 INFO  NewEditController:91 - new/edit window initializing
2022-03-15 15:24:37 INFO  NewEditController:91 - new/edit window initializing
2022-03-15 15:25:48 INFO  NewEditController:91 - new/edit window initializing
2022-03-15 15:25:53 INFO  NewEditController:91 - new/edit window initializing
2022-03-15 15:32:02 INFO  NewEditController:91 - new/edit window initializing
2022-03-15 15:32:03 INFO  NewEditController:91 - new/edit window initializing
2022-03-15 15:32:03 INFO  NewEditController:91 - new/edit window initializing
2022-03-15 15:32:03 INFO  NewEditController:91 - new/edit window initializing
2022-03-15 15:32:03 INFO  NewEditController:91 - new/edit window initializing
2022-03-15 15:32:04 INFO  NewEditController:91 - new/edit window initializing
2022-03-15 15:32:05 INFO  NewEditController:91 - new/edit window initializing
2022-03-15 15:32:07 INFO  NewEditController:91 - new/edit window initializing
2022-03-15 15:32:07 INFO  NewEditController:91 - new/edit window initializing
2022-03-15 15:32:08 INFO  NewEditController:91 - new/edit window initializing
2022-03-15 15:32:11 INFO  NewEditController:91 - new/edit window initializing
2022-03-15 15:32:11 INFO  NewEditController:91 - new/edit window initializing
2022-03-15 15:32:11 INFO  NewEditController:91 - new/edit window initializing
2022-03-15 15:32:12 INFO  NewEditController:91 - new/edit window initializing
2022-03-15 15:34:09 INFO  Main:36 - saved data reading
2022-03-15 15:34:10 INFO  Main:41 - application start
2022-03-15 15:34:10 INFO  Controller:84 - Main controller initializing
2022-03-15 15:38:02 INFO  Main:36 - saved data reading
2022-03-15 15:38:02 INFO  Main:41 - application start
2022-03-15 15:38:03 INFO  Controller:91 - Main controller initializing
2022-03-15 15:38:16 INFO  TaskInfoController:25 - task info window initializing
2022-03-15 15:38:16 ERROR Controller:144 - error loading task-info.fxml
2022-03-15 15:38:20 INFO  NewEditController:91 - new/edit window initializing
2022-03-15 15:38:21 INFO  NewEditController:91 - new/edit window initializing
2022-03-15 15:38:23 INFO  NewEditController:91 - new/edit window initializing
2022-03-15 15:38:23 INFO  NewEditController:91 - new/edit window initializing
2022-03-15 15:38:23 INFO  NewEditController:91 - new/edit window initializing
2022-03-15 15:38:24 INFO  NewEditController:91 - new/edit window initializing
2022-03-15 15:38:25 INFO  NewEditController:91 - new/edit window initializing
2022-03-15 15:38:26 INFO  NewEditController:91 - new/edit window initializing
2022-03-15 15:38:26 INFO  NewEditController:91 - new/edit window initializing
2022-03-15 15:38:26 INFO  NewEditController:91 - new/edit window initializing
2022-03-15 15:38:26 INFO  NewEditController:91 - new/edit window initializing
2022-03-15 15:38:27 INFO  NewEditController:91 - new/edit window initializing
2022-03-15 15:38:27 INFO  NewEditController:91 - new/edit window initializing
2022-03-15 15:38:28 INFO  NewEditController:91 - new/edit window initializing
2022-03-15 15:38:28 INFO  NewEditController:91 - new/edit window initializing
2022-03-15 15:38:39 INFO  Main:36 - saved data reading
2022-03-15 15:38:39 INFO  Main:41 - application start
2022-03-15 15:38:39 INFO  Controller:91 - Main controller initializing
2022-03-15 15:38:41 INFO  NewEditController:91 - new/edit window initializing
2022-03-15 15:38:45 INFO  NewEditController:91 - new/edit window initializing
2022-03-15 15:38:46 INFO  NewEditController:91 - new/edit window initializing
2022-03-15 15:41:37 INFO  Main:36 - saved data reading
2022-03-15 15:41:37 INFO  Main:41 - application start
2022-03-15 15:41:38 INFO  Controller:87 - Main controller initializing
2022-03-15 15:41:44 INFO  NewEditController:91 - new/edit window initializing
2022-03-15 15:47:41 INFO  Main:36 - saved data reading
2022-03-15 15:47:41 INFO  Main:41 - application start
2022-03-15 15:47:42 INFO  Controller:87 - Main controller initializing
2022-03-15 15:47:45 INFO  NewEditController:97 - new/edit window initializing
2022-03-15 19:12:40 INFO  Main:36 - saved data reading
2022-03-15 19:12:40 ERROR TaskIO:92 - IO exception reading or writing file
2022-03-15 19:12:40 INFO  Main:41 - application start
2022-03-15 19:12:40 INFO  Controller:87 - Main controller initializing
2022-03-29 14:56:46 INFO  Main:36 - saved data reading
2022-03-29 14:56:46 ERROR TaskIO:92 - IO exception reading or writing file
2022-03-29 14:56:46 INFO  Main:41 - application start
2022-03-29 14:56:47 INFO  Controller:87 - Main controller initializing
2022-03-29 14:56:56 INFO  NewEditController:97 - new/edit window initializing
2022-03-29 15:01:08 INFO  NewEditController:97 - new/edit window initializing
2022-03-29 16:11:47 ERROR Task:36 - time below bound
2022-03-29 16:11:47 ERROR Task:36 - time below bound
2022-03-29 16:12:43 ERROR Task:36 - time below bound
2022-03-29 16:12:43 ERROR Task:36 - time below bound
2022-03-29 16:13:26 ERROR Task:36 - time below bound
2022-03-29 16:13:26 ERROR Task:36 - time below bound
2022-03-29 16:14:53 ERROR Task:36 - time below bound
2022-03-29 16:14:53 ERROR Task:36 - time below bound
2022-03-29 16:17:06 ERROR Task:36 - time below bound
2022-03-29 16:17:07 ERROR Task:36 - time below bound
2022-03-29 18:42:20 ERROR Task:36 - time below bound
2022-03-29 18:42:20 ERROR Task:36 - time below bound
2022-03-29 18:43:38 ERROR Task:36 - time below bound
2022-03-29 18:43:38 ERROR Task:36 - time below bound
2022-03-29 18:44:50 INFO  Main:36 - saved data reading
2022-03-29 18:44:50 INFO  Main:41 - application start
2022-03-29 18:44:51 INFO  Controller:90 - Main controller initializing
2022-03-29 18:44:54 INFO  NewEditController:101 - new/edit window initializing
2022-03-29 18:45:16 INFO  NewEditController:101 - new/edit window initializing
2022-03-29 18:45:43 INFO  NewEditController:101 - new/edit window initializing
2022-03-29 18:46:04 ERROR Task:26 - time below bound
2022-03-29 18:49:29 ERROR Task:26 - time below bound
2022-04-12 15:29:42 INFO  Main:36 - saved data reading
2022-04-12 15:29:42 INFO  Main:41 - application start
2022-04-12 15:29:42 INFO  Controller:90 - Main controller initializing
2022-04-12 15:29:55 INFO  NewEditController:101 - new/edit window initializing
2022-04-12 15:30:55 INFO  NewEditController:101 - new/edit window initializing
2022-04-12 15:31:11 INFO  NewEditController:101 - new/edit window initializing
2022-05-03 14:53:41 INFO  Main:37 - saved data reading
2022-05-03 14:53:41 ERROR TaskIO:88 - IO exception reading or writing file
2022-05-03 14:53:41 INFO  Main:42 - application start
2022-05-03 14:53:41 INFO  Controller:90 - Main controller initializing
2022-05-03 14:53:47 INFO  NewEditController:101 - new/edit window initializing
2022-05-03 14:53:51 INFO  NewEditController:101 - new/edit window initializing
2022-05-03 14:53:52 INFO  NewEditController:101 - new/edit window initializing
2022-05-03 14:53:55 INFO  NewEditController:101 - new/edit window initializing
2022-05-03 14:53:58 INFO  TaskInfoController:25 - task info window initializing
2022-05-03 14:53:58 ERROR Controller:144 - error loading task-info.fxml
2022-05-03 14:54:01 INFO  TaskInfoController:25 - task info window initializing
2022-05-03 14:55:22 INFO  Main:37 - saved data reading
2022-05-03 14:55:22 ERROR TaskIO:88 - IO exception reading or writing file
2022-05-03 14:55:22 INFO  Main:42 - application start
2022-05-03 14:55:22 INFO  Controller:90 - Main controller initializing
2022-05-03 14:55:47 INFO  Main:37 - saved data reading
2022-05-03 14:55:47 INFO  Main:42 - application start
2022-05-03 14:55:48 INFO  Controller:90 - Main controller initializing
2022-05-03 14:55:51 INFO  NewEditController:101 - new/edit window initializing
2022-05-03 14:56:02 INFO  Main:37 - saved data reading
2022-05-03 14:56:02 INFO  Main:42 - application start
2022-05-03 14:56:02 INFO  Controller:90 - Main controller initializing
2022-05-03 19:01:56 ERROR Task:36 - time below bound
